d:\program\swallow\bin-int\debug-windows-x86_64\swallow\swallow.pch
d:\program\swallow\bin-int\debug-windows-x86_64\swallow\vc143.pdb
d:\program\swallow\bin-int\debug-windows-x86_64\swallow\vc143.idb
d:\program\swallow\bin-int\debug-windows-x86_64\swallow\swpch.obj
d:\program\swallow\bin-int\debug-windows-x86_64\swallow\layer.obj
d:\program\swallow\bin-int\debug-windows-x86_64\swallow\application.obj
d:\program\swallow\bin-int\debug-windows-x86_64\swallow\layerstack.obj
d:\program\swallow\bin-int\debug-windows-x86_64\swallow\log.obj
d:\program\swallow\bin-int\debug-windows-x86_64\swallow\imguiopenglrenderer.obj
d:\program\swallow\bin\debug-windows-x86_64\swallow\swallow.dll
d:\program\swallow\bin\debug-windows-x86_64\swallow\swallow.pdb
d:\program\swallow\bin\debug-windows-x86_64\swallow\swallow.lib
d:\program\swallow\bin\debug-windows-x86_64\swallow\swallow.exp
d:\program\swallow\bin-int\debug-windows-x86_64\swallow\swallow.ilk
d:\program\swallow\bin-int\debug-windows-x86_64\swallow\imguilayer.obj
d:\program\swallow\bin-int\debug-windows-x86_64\swallow\imopenglrenderer.obj
d:\program\swallow\bin-int\debug-windows-x86_64\swallow\windowswindow.obj
d:\program\swallow\swallow\..\bin\debug-windows-x86_64\swallow\swallow.pdb
d:\program\swallow\swallow\..\bin-int\debug-windows-x86_64\swallow\swallow.vcxproj.filelistabsolute.txt
d:\program\swallow\bin-int\debug-windows-x86_64\swallow\swallow.tlog\cl.command.1.tlog
d:\program\swallow\bin-int\debug-windows-x86_64\swallow\swallow.tlog\cl.items.tlog
d:\program\swallow\bin-int\debug-windows-x86_64\swallow\swallow.tlog\cl.read.1.tlog
d:\program\swallow\bin-int\debug-windows-x86_64\swallow\swallow.tlog\cl.write.1.tlog
d:\program\swallow\bin-int\debug-windows-x86_64\swallow\swallow.tlog\link.command.1.tlog
d:\program\swallow\bin-int\debug-windows-x86_64\swallow\swallow.tlog\link.read.1.tlog
d:\program\swallow\bin-int\debug-windows-x86_64\swallow\swallow.tlog\link.secondary.1.tlog
d:\program\swallow\bin-int\debug-windows-x86_64\swallow\swallow.tlog\link.write.1.tlog
